  App.cpp
c:\users\patrick tran\documents\visual studio 2015\projects\cse165 thing\app.cpp(34): warning C4018: '<': signed/unsigned mismatch
c:\users\patrick tran\documents\visual studio 2015\projects\cse165 thing\app.cpp(37): warning C4018: '<': signed/unsigned mismatch
c:\users\patrick tran\documents\visual studio 2015\projects\cse165 thing\app.cpp(110): warning C4305: '+=': truncation from 'double' to 'float'
c:\users\patrick tran\documents\visual studio 2015\projects\cse165 thing\app.cpp(115): warning C4305: '-=': truncation from 'double' to 'float'
c:\users\patrick tran\documents\visual studio 2015\projects\cse165 thing\app.cpp(129): warning C4305: '+=': truncation from 'double' to 'float'
c:\users\patrick tran\documents\visual studio 2015\projects\cse165 thing\app.cpp(154): warning C4018: '<': signed/unsigned mismatch
c:\users\patrick tran\documents\visual studio 2015\projects\cse165 thing\app.cpp(155): warning C4305: '+=': truncation from 'double' to 'float'
c:\users\patrick tran\documents\visual studio 2015\projects\cse165 thing\app.cpp(160): warning C4018: '<': signed/unsigned mismatch
c:\users\patrick tran\documents\visual studio 2015\projects\cse165 thing\app.cpp(161): warning C4305: '+=': truncation from 'double' to 'float'
c:\users\patrick tran\documents\visual studio 2015\projects\cse165 thing\app.cpp(167): warning C4018: '<': signed/unsigned mismatch
c:\users\patrick tran\documents\visual studio 2015\projects\cse165 thing\app.cpp(169): warning C4244: 'initializing': conversion from 'double' to 'float', possible loss of data
c:\users\patrick tran\documents\visual studio 2015\projects\cse165 thing\app.cpp(171): warning C4244: '=': conversion from 'double' to 'float', possible loss of data
c:\users\patrick tran\documents\visual studio 2015\projects\cse165 thing\app.cpp(173): warning C4244: '=': conversion from 'double' to 'float', possible loss of data
c:\users\patrick tran\documents\visual studio 2015\projects\cse165 thing\app.cpp(177): warning C4244: '=': conversion from 'double' to 'float', possible loss of data
c:\users\patrick tran\documents\visual studio 2015\projects\cse165 thing\app.cpp(182): warning C4244: '=': conversion from 'double' to 'float', possible loss of data
c:\users\patrick tran\documents\visual studio 2015\projects\cse165 thing\app.cpp(193): warning C4018: '<': signed/unsigned mismatch
c:\users\patrick tran\documents\visual studio 2015\projects\cse165 thing\app.cpp(200): warning C4244: '=': conversion from 'double' to 'float', possible loss of data
  glutapp.vcxproj -> C:\Users\Patrick Tran\Documents\Visual Studio 2015\Projects\cse165 thing\visualc15\obj\glutapp_Debug\glutapp.exe
  glutapp.vcxproj -> obj\glutapp_Debug\glutapp.pdb (Full PDB)
